<?xml version="1.0" encoding="UTF-8"?>
<!-- Generated by org.testng.reporters.JUnitReportReporter -->
<testsuite hostname="DESKTOP-4KFMMIN" failures="0" tests="2" name="com.main.TestBase.TC002_ChennaiBikeDetails" time="25.655" errors="0" timestamp="2025-08-04T10:46:33 IST" skipped="0">
  <testcase classname="com.main.TestBase.TC002_ChennaiBikeDetails" name="DisplayChennaiBikes" time="12.530"/>
  <testcase classname="com.main.TestBase.TC002_ChennaiBikeDetails" name="DisplayChennaiBikes" time="13.125"/>
</testsuite> <!-- com.main.TestBase.TC002_ChennaiBikeDetails -->
